<?xml version="1.0" encoding="UTF-8"?>
<!-- Generated by org.testng.reporters.JUnitReportReporter -->
<testsuite hostname="DESKTOP-T5H1U8G" failures="0" tests="2" name="testNg.Ex10_GroupingTC" time="0.009" errors="0" timestamp="2022-09-04T18:19:56 IST" skipped="0">
  <testcase classname="testNg.Ex10_GroupingTC" name="TC204" time="0.002"/>
  <system-out>
    <![CDATA[running TC204]]>
  </system-out>
  <testcase classname="testNg.Ex10_GroupingTC" name="TC202" time="0.007"/>
  <system-out>
    <![CDATA[running TC202]]>
  </system-out>
</testsuite> <!-- testNg.Ex10_GroupingTC -->
