<?xml version="1.0" encoding="UTF-8"?>
<!-- Generated by org.testng.reporters.JUnitReportReporter -->
<testsuite hostname="DESKTOP-T5H1U8G" failures="0" tests="2" name="TestSuit.Ex4_DisableTC" time="0.010" errors="0" timestamp="2022-09-03T14:38:46 IST" skipped="0">
  <testcase classname="TestSuit.Ex4_DisableTC" name="TC102" time="0.001"/>
  <system-out>
    <![CDATA[running TC102]]>
  </system-out>
  <testcase classname="TestSuit.Ex4_DisableTC" name="TC100" time="0.009"/>
  <system-out>
    <![CDATA[running TC100]]>
  </system-out>
</testsuite> <!-- TestSuit.Ex4_DisableTC -->
