<?xml version="1.0" encoding="UTF-8"?>
<!-- Generated by org.testng.reporters.JUnitReportReporter -->
<testsuite hostname="DESKTOP-T5H1U8G" failures="0" tests="3" name="TestSuit.Ex1_TestSuit" time="0.002" errors="0" timestamp="2022-09-03T13:17:22 IST" skipped="0">
  <testcase classname="TestSuit.Ex1_TestSuit" name="TC2" time="0.001"/>
  <system-out>
    <![CDATA[running TC2]]>
  </system-out>
  <testcase classname="TestSuit.Ex1_TestSuit" name="TC3" time="0.000"/>
  <system-out>
    <![CDATA[running TC3]]>
  </system-out>
  <testcase classname="TestSuit.Ex1_TestSuit" name="TC1" time="0.001"/>
  <system-out>
    <![CDATA[running TC1]]>
  </system-out>
</testsuite> <!-- TestSuit.Ex1_TestSuit -->
