<?xml version="1.0" encoding="UTF-8"?>
<!-- Generated by org.testng.reporters.JUnitReportReporter -->
<testsuite hostname="DESKTOP-T5H1U8G" failures="0" tests="1" name="Popup.Authentication_popup2" time="6.289" errors="0" timestamp="2022-09-29T11:32:14 IST" skipped="0">
  <testcase classname="Popup.Authentication_popup2" name="AuthPopup" time="6.289"/>
  <system-out/>
</testsuite> <!-- Popup.Authentication_popup2 -->
