<?xml version="1.0" encoding="UTF-8"?>
<!-- Generated by org.testng.reporters.JUnitReportReporter -->
<testsuite hostname="DESKTOP-T5H1U8G" failures="0" tests="3" name="TestSuit.Ex2_TestSuit" time="0.004" errors="0" timestamp="2022-09-03T13:17:22 IST" skipped="0">
  <testcase classname="TestSuit.Ex2_TestSuit" name="TC4" time="0.001"/>
  <system-out>
    <![CDATA[running TC4]]>
  </system-out>
  <testcase classname="TestSuit.Ex2_TestSuit" name="TC5" time="0.002"/>
  <system-out>
    <![CDATA[running TC5]]>
  </system-out>
  <testcase classname="TestSuit.Ex2_TestSuit" name="TC6" time="0.001"/>
  <system-out>
    <![CDATA[running TC6]]>
  </system-out>
</testsuite> <!-- TestSuit.Ex2_TestSuit -->
