<?xml version="1.0" encoding="UTF-8"?>
<!-- Generated by org.testng.reporters.JUnitReportReporter -->
<testsuite hostname="DESKTOP-T5H1U8G" failures="0" tests="2" name="testNg.Ex9_GroupingTestCases" time="0.011" errors="0" timestamp="2022-09-03T20:24:15 IST" skipped="0">
  <testcase classname="testNg.Ex9_GroupingTestCases" name="TC6" time="0.001"/>
  <system-out>
    <![CDATA[running TC6]]>
  </system-out>
  <testcase classname="testNg.Ex9_GroupingTestCases" name="TC4" time="0.010"/>
  <system-out>
    <![CDATA[running TC4]]>
  </system-out>
</testsuite> <!-- testNg.Ex9_GroupingTestCases -->
