<?xml version="1.0" encoding="UTF-8"?>
<!-- Generated by org.testng.reporters.JUnitReportReporter -->
<testsuite hostname="DESKTOP-T5H1U8G" failures="0" tests="3" name="DataProvider.Ex4_DPUsingIteratorString" time="0.007" errors="0" timestamp="2022-09-17T17:26:49 IST" skipped="0">
  <testcase classname="DataProvider.Ex4_DPUsingIteratorString" name="Test4" time="0.005"/>
  <system-out/>
  <testcase classname="DataProvider.Ex4_DPUsingIteratorString" name="Test4" time="0.001"/>
  <system-out/>
  <testcase classname="DataProvider.Ex4_DPUsingIteratorString" name="Test4" time="0.001"/>
  <system-out/>
</testsuite> <!-- DataProvider.Ex4_DPUsingIteratorString -->
