<?xml version="1.0" encoding="UTF-8"?>
<!-- Generated by org.testng.reporters.JUnitReportReporter -->
<testsuite hostname="DESKTOP-T5H1U8G" failures="0" tests="4" name="testNg.Ex1_EmailableReport" time="0.011" errors="0" timestamp="2022-09-17T16:02:36 IST" skipped="0">
  <testcase classname="testNg.Ex1_EmailableReport" name="TC3" time="0.001"/>
  <system-out>
    <![CDATA[Running TC3]]>
  </system-out>
  <testcase classname="testNg.Ex1_EmailableReport" name="TC1" time="0.008"/>
  <system-out/>
  <testcase classname="testNg.Ex1_EmailableReport" name="TC4" time="0.000"/>
  <system-out>
    <![CDATA[Running TC4]]>
  </system-out>
  <testcase classname="testNg.Ex1_EmailableReport" name="TC2" time="0.002"/>
  <system-out>
    <![CDATA[Running TC2]]>
  </system-out>
</testsuite> <!-- testNg.Ex1_EmailableReport -->
