<?xml version="1.0" encoding="UTF-8"?>
<!-- Generated by org.testng.reporters.JUnitReportReporter -->
<testsuite hostname="DESKTOP-T5H1U8G" failures="0" tests="2" name="testNg.Ex7_dependsOnMethods" time="0.006" errors="0" timestamp="2022-09-02T23:45:22 IST" skipped="0">
  <testcase classname="testNg.Ex7_dependsOnMethods" name="verifyUserID" time="0.004"/>
  <system-out>
    <![CDATA[verify id]]>
  </system-out>
  <testcase classname="testNg.Ex7_dependsOnMethods" name="verifypin" time="0.002"/>
  <system-out>
    <![CDATA[verify pin]]>
  </system-out>
</testsuite> <!-- testNg.Ex7_dependsOnMethods -->
