<?xml version="1.0" encoding="UTF-8"?>
<!-- Generated by org.testng.reporters.JUnitReportReporter -->
<testsuite hostname="DESKTOP-T5H1U8G" failures="0" tests="3" name="testNg.Ex5_enabledKeyword" time="0.011" errors="0" timestamp="2022-09-02T19:17:12 IST" skipped="1">
  <testcase classname="testNg.Ex5_enabledKeyword" name="TC1" time="0.010"/>
  <system-out>
    <![CDATA[Running TC1]]>
  </system-out>
  <testcase classname="testNg.Ex5_enabledKeyword" name="TC3" time="0.001"/>
  <system-out>
    <![CDATA[Running TC3]]>
  </system-out>
  <testcase classname="testNg.Ex5_enabledKeyword" name="TC2">
    <skipped/>
  </testcase> <!-- TC2 -->
  <system-out/>
</testsuite> <!-- testNg.Ex5_enabledKeyword -->
