<?xml version="1.0" encoding="UTF-8"?>
<!-- Generated by org.testng.reporters.JUnitReportReporter -->
<testsuite hostname="DESKTOP-T5H1U8G" failures="0" tests="3" name="testNg.Ex4_keyword" time="0.010" errors="0" timestamp="2022-09-17T16:03:14 IST" skipped="0">
  <testcase classname="testNg.Ex4_keyword" name="TC2" time="0.008"/>
  <system-out>
    <![CDATA[Running TC2]]>
  </system-out>
  <testcase classname="testNg.Ex4_keyword" name="TC3" time="0.001"/>
  <system-out>
    <![CDATA[Running TC3]]>
  </system-out>
  <testcase classname="testNg.Ex4_keyword" name="TC1" time="0.001"/>
  <system-out>
    <![CDATA[Running TC1]]>
  </system-out>
</testsuite> <!-- testNg.Ex4_keyword -->
