<?xml version="1.0" encoding="UTF-8"?>
<!-- Generated by org.testng.reporters.JUnitReportReporter -->
<testsuite hostname="DESKTOP-T5H1U8G" failures="0" tests="2" name="TestSuit.Ex3_TestSuit" time="0.011" errors="0" timestamp="2022-09-03T14:36:57 IST" skipped="0">
  <testcase classname="TestSuit.Ex3_TestSuit" name="TC8" time="0.002"/>
  <system-out>
    <![CDATA[running TC8]]>
  </system-out>
  <testcase classname="TestSuit.Ex3_TestSuit" name="TC7" time="0.009"/>
  <system-out>
    <![CDATA[running TC7]]>
  </system-out>
</testsuite> <!-- TestSuit.Ex3_TestSuit -->
