<?xml version="1.0" encoding="UTF-8"?>
<!-- Generated by org.testng.reporters.JUnitReportReporter -->
<testsuite hostname="DESKTOP-T5H1U8G" failures="0" tests="1" name="TestSuit.Ex6_ParallelTesting1" time="8.645" errors="0" timestamp="2022-09-03T20:31:57 IST" skipped="0">
  <testcase classname="TestSuit.Ex6_ParallelTesting1" name="amazonBrowser" time="8.645"/>
  <system-out/>
</testsuite> <!-- TestSuit.Ex6_ParallelTesting1 -->
