<?xml version="1.0" encoding="UTF-8"?>
<!-- Generated by org.testng.reporters.JUnitReportReporter -->
<testsuite hostname="DESKTOP-T5H1U8G" failures="0" tests="3" name="DataProvider.Ex3_DPUsingObject" time="0.007" errors="0" timestamp="2022-09-17T17:21:21 IST" skipped="0">
  <testcase classname="DataProvider.Ex3_DPUsingObject" name="Test3" time="0.001"/>
  <system-out/>
  <testcase classname="DataProvider.Ex3_DPUsingObject" name="Test3" time="0.001"/>
  <system-out/>
  <testcase classname="DataProvider.Ex3_DPUsingObject" name="Test3" time="0.005"/>
  <system-out/>
</testsuite> <!-- DataProvider.Ex3_DPUsingObject -->
