<?xml version="1.0" encoding="UTF-8"?>
<!-- Generated by org.testng.reporters.JUnitReportReporter -->
<testsuite hostname="DESKTOP-T5H1U8G" failures="0" tests="2" name="DataProvider.Ex5_DPUsingIteratorObjectArray" time="0.007" errors="0" timestamp="2022-09-17T17:39:03 IST" skipped="0">
  <testcase classname="DataProvider.Ex5_DPUsingIteratorObjectArray" name="Test5" time="0.001"/>
  <system-out/>
  <testcase classname="DataProvider.Ex5_DPUsingIteratorObjectArray" name="Test5" time="0.006"/>
  <system-out/>
</testsuite> <!-- DataProvider.Ex5_DPUsingIteratorObjectArray -->
