<?xml version="1.0" encoding="UTF-8"?>
<!-- Generated by org.testng.reporters.JUnitReportReporter -->
<testsuite hostname="DESKTOP-T5H1U8G" failures="0" tests="2" name="testNg.Ex_DP1" time="0.007" errors="0" timestamp="2022-09-17T16:10:51 IST" skipped="0">
  <testcase classname="testNg.Ex_DP1" name="Test" time="0.001"/>
  <system-out/>
  <testcase classname="testNg.Ex_DP1" name="Test" time="0.006"/>
  <system-out/>
</testsuite> <!-- testNg.Ex_DP1 -->
