<?xml version="1.0" encoding="UTF-8"?>
<!-- Generated by org.testng.reporters.JUnitReportReporter -->
<testsuite hostname="DESKTOP-T5H1U8G" failures="0" tests="1" name="TestSuit.Ex5_MultiBrowserTestig" time="6.258" errors="0" timestamp="2022-09-11T12:20:57 IST" skipped="0">
  <testcase classname="TestSuit.Ex5_MultiBrowserTestig" name="Chrome" time="6.258"/>
  <system-out/>
</testsuite> <!-- TestSuit.Ex5_MultiBrowserTestig -->
