<?xml version="1.0" encoding="UTF-8"?>
<!-- Generated by org.testng.reporters.JUnitReportReporter -->
<testsuite hostname="DESKTOP-T5H1U8G" failures="0" tests="3" name="DataProvider.Ex1_usingString" time="0.017" errors="0" timestamp="2022-09-29T12:02:10 IST" skipped="0">
  <testcase classname="DataProvider.Ex1_usingString" name="Test1" time="0.001"/>
  <system-out/>
  <testcase classname="DataProvider.Ex1_usingString" name="Test1" time="0.002"/>
  <system-out/>
  <testcase classname="DataProvider.Ex1_usingString" name="Test1" time="0.014"/>
  <system-out/>
</testsuite> <!-- DataProvider.Ex1_usingString -->
