<?xml version="1.0" encoding="UTF-8"?>
<!-- Generated by org.testng.reporters.JUnitReportReporter -->
<testsuite hostname="DESKTOP-T5H1U8G" failures="0" tests="4" name="testNg.Ex3_TestNGKeyword" time="0.012" errors="0" timestamp="2022-09-02T19:12:49 IST" skipped="1">
  <testcase classname="testNg.Ex3_TestNGKeyword" name="TC1" time="0.008"/>
  <system-out>
    <![CDATA[Running TC1]]>
  </system-out>
  <testcase classname="testNg.Ex3_TestNGKeyword" name="TC3" time="0.001"/>
  <system-out>
    <![CDATA[Running TC3]]>
  </system-out>
  <testcase classname="testNg.Ex3_TestNGKeyword" name="TC1" time="0.003"/>
  <system-out>
    <![CDATA[Running TC1]]>
  </system-out>
  <testcase classname="testNg.Ex3_TestNGKeyword" name="TC2">
    <skipped/>
  </testcase> <!-- TC2 -->
  <system-out/>
</testsuite> <!-- testNg.Ex3_TestNGKeyword -->
