<?xml version="1.0" encoding="UTF-8"?>
<!-- Generated by org.testng.reporters.JUnitReportReporter -->
<testsuite hostname="DESKTOP-T5H1U8G" failures="0" tests="1" name="Module1_Login_Test.LoginTest" time="4.766" errors="0" timestamp="2022-09-11T13:40:09 IST" skipped="0">
  <testcase classname="Module1_Login_Test.LoginTest" name="methodcall" time="4.766"/>
  <system-out/>
</testsuite> <!-- Module1_Login_Test.LoginTest -->
